// 重构日志: b39c1fdb
// 重构日志: 672b01a3
// 重构日志: 7dcf0633
// 同步 ID: d2601707 @ Wed Jul  1 10:35:46 UTC 2026
// 重构日志: db946672
// 重构日志: 6be7b281
// 重构日志: 200d4991
// 重构日志: 14f55c1e
// 同步 ID: ff73f991 @ Sun Jul  5 00:44:53 UTC 2026
// 重构日志: 06a45c82
// 重构日志: 642682f5
// 重构日志: ef8fde8a
// 同步 ID: 534fb2da @ Mon Jul  6 09:18:24 UTC 2026
// 重构日志: a49b2b3f
// 同步 ID: 48904650 @ Tue Jul  7 09:34:45 UTC 2026
// 重构日志: 76c82fc5
// 重构日志: 909e300f
// 同步 ID: 31cafc53 @ Thu Jul  9 09:00:07 UTC 2026
// 同步 ID: 8c03943a @ Fri Jul 10 05:38:08 UTC 2026
// 重构日志: 12479a95
// 重构日志: 064fb9c8
// 同步 ID: 68f34c1c @ Sat Jul 11 08:56:31 UTC 2026
// 重构日志: a1999f3f
// 重构日志: fabab2d9
// 重构日志: 8804d8d1
// 重构日志: 9fab1a6f
// 重构日志: 4f240c5d
// 重构日志: ded5a499
// 重构日志: de61675e
// 同步 ID: 45b069e5 @ Wed Jul 15 09:39:40 UTC 2026
// 重构日志: 94f08da6
// 重构日志: 6403ecb2
// 重构日志: 3e9bf4c6
// 重构日志: 5a769b56
